<?xml version="1.0" encoding="UTF-8"?>
<!-- Generated by org.testng.reporters.JUnitReportReporter -->
<testsuite hostname="BMSL-R90ZXNTT" failures="0" tests="2" name="MVNTestNGPKG.MVNTestNGPGM" time="0.300" errors="0" timestamp="05 Sept 2023 22:34:50 GMT" skipped="0">
  <testcase classname="MVNTestNGPKG.MVNTestNGPGM" name="testcase1" time="0.299"/>
  <testcase classname="MVNTestNGPKG.MVNTestNGPGM" name="testcase2" time="0.001"/>
</testsuite> <!-- MVNTestNGPKG.MVNTestNGPGM -->
