<?xml version="1.0" encoding="UTF-8"?>
<!-- Generated by org.testng.reporters.JUnitReportReporter -->
<testsuite hostname="BMSL-R90ZXNTT" failures="0" tests="2" name="MVNTestNGPKG.MVNTestNGPGM" time="0.437" errors="0" timestamp="2023-09-06T00:08:41 BST" skipped="0">
  <testcase classname="MVNTestNGPKG.MVNTestNGPGM" name="testcase1" time="0.437"/>
  <system-out/>
  <testcase classname="MVNTestNGPKG.MVNTestNGPGM" name="testcase2" time="0.000"/>
  <system-out/>
</testsuite> <!-- MVNTestNGPKG.MVNTestNGPGM -->
